{"contracts/SOT.sol":{"l":{"24":3,"25":3,"36":2,"38":1,"45":1,"48":1,"51":1,"52":1,"55":1,"58":1,"59":1,"65":1,"68":1,"71":1,"79":0,"80":0,"85":4,"90":2},"path":"/home/saqib/Saqib/Solidity/BTour Chain/Code/Production/SOT/contracts/SOT.sol","s":{"1":3,"2":3,"3":2,"4":1,"5":1,"6":1,"7":1,"8":1,"9":1,"10":1,"11":1,"12":1,"13":0,"14":0,"15":4,"16":2},"b":{"1":[1,1],"2":[1,0],"3":[1,0],"4":[1,0]},"f":{"1":3,"2":2,"3":2,"4":1,"5":1,"6":0,"7":4,"8":2},"fnMap":{"1":{"name":"initialize","line":22,"loc":{"start":{"line":22,"column":4},"end":{"line":27,"column":4}}},"2":{"name":"_authorizeUpgrade","line":30,"loc":{"start":{"line":30,"column":4},"end":{"line":30,"column":86}}},"3":{"name":"tokenURI","line":33,"loc":{"start":{"line":33,"column":4},"end":{"line":40,"column":4}}},"4":{"name":"mint","line":42,"loc":{"start":{"line":42,"column":4},"end":{"line":60,"column":4}}},"5":{"name":"burn","line":62,"loc":{"start":{"line":62,"column":4},"end":{"line":73,"column":4}}},"6":{"name":"getTokenMetaData","line":76,"loc":{"start":{"line":76,"column":4},"end":{"line":81,"column":4}}},"7":{"name":"totalSupply","line":84,"loc":{"start":{"line":84,"column":4},"end":{"line":86,"column":4}}},"8":{"name":"getSotCount","line":89,"loc":{"start":{"line":89,"column":4},"end":{"line":91,"column":4}}}},"statementMap":{"1":{"start":{"line":24,"column":8},"end":{"line":24,"column":40}},"2":{"start":{"line":25,"column":8},"end":{"line":25,"column":23}},"3":{"start":{"line":36,"column":8},"end":{"line":36,"column":83}},"4":{"start":{"line":38,"column":8},"end":{"line":38,"column":33}},"5":{"start":{"line":45,"column":8},"end":{"line":45,"column":66}},"6":{"start":{"line":48,"column":8},"end":{"line":48,"column":71}},"7":{"start":{"line":51,"column":8},"end":{"line":51,"column":41}},"8":{"start":{"line":52,"column":8},"end":{"line":52,"column":39}},"9":{"start":{"line":55,"column":8},"end":{"line":55,"column":29}},"10":{"start":{"line":65,"column":8},"end":{"line":65,"column":56}},"11":{"start":{"line":68,"column":8},"end":{"line":68,"column":21}},"12":{"start":{"line":71,"column":8},"end":{"line":71,"column":26}},"13":{"start":{"line":79,"column":8},"end":{"line":79,"column":57}},"14":{"start":{"line":80,"column":8},"end":{"line":80,"column":28}},"15":{"start":{"line":85,"column":8},"end":{"line":85,"column":29}},"16":{"start":{"line":90,"column":8},"end":{"line":90,"column":26}}},"branchMap":{"1":{"line":36,"type":"if","locations":[{"start":{"line":36,"column":8},"end":{"line":36,"column":8}},{"start":{"line":36,"column":8},"end":{"line":36,"column":8}}]},"2":{"line":45,"type":"if","locations":[{"start":{"line":45,"column":8},"end":{"line":45,"column":8}},{"start":{"line":45,"column":8},"end":{"line":45,"column":8}}]},"3":{"line":48,"type":"if","locations":[{"start":{"line":48,"column":8},"end":{"line":48,"column":8}},{"start":{"line":48,"column":8},"end":{"line":48,"column":8}}]},"4":{"line":65,"type":"if","locations":[{"start":{"line":65,"column":8},"end":{"line":65,"column":8}},{"start":{"line":65,"column":8},"end":{"line":65,"column":8}}]}}},"contracts/tests/mockSOT.sol":{"l":{"8":1},"path":"/home/saqib/Saqib/Solidity/BTour Chain/Code/Production/SOT/contracts/tests/mockSOT.sol","s":{"1":1},"b":{},"f":{"1":1},"fnMap":{"1":{"name":"version","line":7,"loc":{"start":{"line":7,"column":4},"end":{"line":9,"column":4}}}},"statementMap":{"1":{"start":{"line":8,"column":8},"end":{"line":8,"column":19}}},"branchMap":{}}}