TN:
SF:/home/saqib/Saqib/Solidity/BTour Chain/Code/Production/SOT/contracts/SOT.sol
FN:22,initialize
FN:30,_authorizeUpgrade
FN:33,tokenURI
FN:42,mint
FN:62,burn
FN:76,getTokenMetaData
FN:84,totalSupply
FN:89,getSotCount
FNF:8
FNH:7
FNDA:3,initialize
FNDA:2,_authorizeUpgrade
FNDA:2,tokenURI
FNDA:1,mint
FNDA:1,burn
FNDA:0,getTokenMetaData
FNDA:4,totalSupply
FNDA:2,getSotCount
DA:24,3
DA:25,3
DA:36,2
DA:38,1
DA:45,1
DA:48,1
DA:51,1
DA:52,1
DA:55,1
DA:58,1
DA:59,1
DA:65,1
DA:68,1
DA:71,1
DA:79,0
DA:80,0
DA:85,4
DA:90,2
LF:18
LH:16
BRDA:36,1,0,1
BRDA:36,1,1,1
BRDA:45,2,0,1
BRDA:45,2,1,0
BRDA:48,3,0,1
BRDA:48,3,1,0
BRDA:65,4,0,1
BRDA:65,4,1,0
BRF:8
BRH:5
end_of_record
TN:
SF:/home/saqib/Saqib/Solidity/BTour Chain/Code/Production/SOT/contracts/tests/mockSOT.sol
FN:7,version
FNF:1
FNH:1
FNDA:1,version
DA:8,1
LF:1
LH:1
BRF:0
BRH:0
end_of_record
